#
# There is insufficient memory for the Java Runtime Environment to continue.
# Native memory allocation (mmap) failed to map 132120576 bytes for Failed to commit area from 0x0000000082000000 to 0x0000000089e00000 of length 132120576.
# Possible reasons:
#   The system is out of physical RAM or swap space
#   The process is running with CompressedOops enabled, and the Java Heap may be blocking the growth of the native heap
# Possible solutions:
#   Reduce memory load on the system
#   Increase physical memory or swap space
#   Check if swap backing store is full
#   Decrease Java heap size (-Xmx/-Xms)
#   Decrease number of Java threads
#   Decrease Java thread stack sizes (-Xss)
#   Set larger code cache with -XX:ReservedCodeCacheSize=
# This output file may be truncated or incomplete.
#
#  Out of Memory Error (./src/hotspot/os/windows/os_windows.cpp:3303), pid=23072, tid=23000
#
# JRE version:  (11.0.9+11) (build )
# Java VM: OpenJDK 64-Bit Server VM (11.0.9+11, mixed mode, sharing, tiered, compressed oops, g1 gc, windows-amd64)
# No core dump will be written. Minidumps are not enabled by default on client versions of Windows
#

---------------  S U M M A R Y ------------

Command Line: --module-path=javafx-sdk-11.0.2\lib --add-modules=javafx.controls,javafx.fxml,javafx.swing pacman_307842435_205914385_205913999.jar

Host: Intel(R) Core(TM) i5-7200U CPU @ 2.50GHz, 4 cores, 7G,  Windows 10 , 64 bit Build 19041 (10.0.19041.1348)
Time: Thu Dec 23 17:48:03 2021 Jerusalem Standard Time elapsed time: 0.041804 seconds (0d 0h 0m 0s)

---------------  T H R E A D  ---------------

Current thread (0x000002ae68ed3800):  JavaThread "Unknown thread" [_thread_in_vm, id=23000, stack(0x000000e78ed00000,0x000000e78ee00000)]

Stack: [0x000000e78ed00000,0x000000e78ee00000]
Native frames: (J=compiled Java code, j=interpreted, Vv=VM code, C=native code)
V  [jvm.dll+0x5ef9ea]
V  [jvm.dll+0x72870e]
V  [jvm.dll+0x729ddf]
V  [jvm.dll+0x72a4a3]
V  [jvm.dll+0x245698]
V  [jvm.dll+0x5ecc4a]
V  [jvm.dll+0x5e1895]
V  [jvm.dll+0x2f9ebc]
V  [jvm.dll+0x2f9d42]
V  [jvm.dll+0x2fe9f6]
V  [jvm.dll+0x34313f]
V  [jvm.dll+0x342b70]
V  [jvm.dll+0x2d7198]
V  [jvm.dll+0x2d82e6]
V  [jvm.dll+0x704267]
V  [jvm.dll+0x7059ef]
V  [jvm.dll+0x34ff39]
V  [jvm.dll+0x6e74f0]
V  [jvm.dll+0x3b753f]
V  [jvm.dll+0x3b97f1]
C  [jli.dll+0x520b]
C  [ucrtbase.dll+0x21bb2]
C  [KERNEL32.DLL+0x17034]
C  [ntdll.dll+0x52651]


---------------  P R O C E S S  ---------------

Threads class SMR info:
_java_thread_list=0x000002ae66d142b0, length=0, elements={
}

Java Threads: ( => current thread )

Other Threads:
  0x000002ae68eeb000 GCTaskThread "GC Thread#0" [stack: 0x000000e78ee00000,0x000000e78ef00000] [id=12448]
  0x000002ae68f1e000 ConcurrentGCThread "G1 Main Marker" [stack: 0x000000e78ef00000,0x000000e78f000000] [id=23908]
  0x000002ae68f1f800 ConcurrentGCThread "G1 Conc#0" [stack: 0x000000e78f000000,0x000000e78f100000] [id=25344]

[error occurred during error reporting (printing all threads), id 0xc0000005, EXCEPTION_ACCESS_VIOLATION (0xc0000005) at pc=0x00007fff669d6817]

VM state:not at safepoint (not fully initialized)

VM Mutex/Monitor currently owned by a thread:  ([mutex/lock_event])
[0x000002ae68eced50] Heap_lock - owner thread: 0x000002ae68ed3800

Heap address: 0x0000000082000000, size: 2016 MB, Compressed Oops mode: Non-zero based: 0x0000000082000000
Narrow klass base: 0x0000000000000000, Narrow klass shift: 0

GC Heap History (0 events):
No events

Deoptimization events (0 events):
No events

Classes redefined (0 events):
No events

Internal exceptions (0 events):
No events

Events (1 events):
Event: 0.014 Loaded shared library C:\Program Files\AdoptOpenJDK\jdk-11.0.9.11-hotspot\bin\zip.dll


Dynamic libraries:
0x00007ff7d7580000 - 0x00007ff7d758d000 	C:\Program Files\AdoptOpenJDK\jdk-11.0.9.11-hotspot\bin\java.exe
0x00007fffeb0b0000 - 0x00007fffeb2a5000 	C:\WINDOWS\SYSTEM32\ntdll.dll
0x00007fffb2c00000 - 0x00007fffb2c16000 	C:\Program Files\AVAST Software\Avast\aswhook.dll
0x00007fffea7f0000 - 0x00007fffea8ae000 	C:\WINDOWS\System32\KERNEL32.DLL
0x00007fffe8cd0000 - 0x00007fffe8f98000 	C:\WINDOWS\System32\KERNELBASE.dll
0x00007fffe8ff0000 - 0x00007fffe90f0000 	C:\WINDOWS\System32\ucrtbase.dll
0x00007fffe03a0000 - 0x00007fffe03b5000 	C:\Program Files\AdoptOpenJDK\jdk-11.0.9.11-hotspot\bin\VCRUNTIME140.dll
0x00007fffe2510000 - 0x00007fffe2527000 	C:\Program Files\AdoptOpenJDK\jdk-11.0.9.11-hotspot\bin\jli.dll
0x00007fffeae10000 - 0x00007fffeafb1000 	C:\WINDOWS\System32\USER32.dll
0x00007fffe8a80000 - 0x00007fffe8aa2000 	C:\WINDOWS\System32\win32u.dll
0x00007fffdcd60000 - 0x00007fffdcffa000 	C:\WINDOWS\WinSxS\amd64_microsoft.windows.common-controls_6595b64144ccf1df_6.0.19041.1110_none_60b5254171f9507e\COMCTL32.dll
0x00007fffea600000 - 0x00007fffea62b000 	C:\WINDOWS\System32\GDI32.dll
0x00007fffea4e0000 - 0x00007fffea57e000 	C:\WINDOWS\System32\msvcrt.dll
0x00007fffe8ab0000 - 0x00007fffe8bbd000 	C:\WINDOWS\System32\gdi32full.dll
0x00007fffe87f0000 - 0x00007fffe888d000 	C:\WINDOWS\System32\msvcp_win.dll
0x00007fffead30000 - 0x00007fffead60000 	C:\WINDOWS\System32\IMM32.DLL
0x00007fffae890000 - 0x00007fffae92b000 	C:\Program Files\AdoptOpenJDK\jdk-11.0.9.11-hotspot\bin\msvcp140.dll
0x00007fff666f0000 - 0x00007fff671be000 	C:\Program Files\AdoptOpenJDK\jdk-11.0.9.11-hotspot\bin\server\jvm.dll
0x00007fffe90f0000 - 0x00007fffe919c000 	C:\WINDOWS\System32\ADVAPI32.dll
0x00007fffe95d0000 - 0x00007fffe966b000 	C:\WINDOWS\System32\sechost.dll
0x00007fffe91a0000 - 0x00007fffe92ca000 	C:\WINDOWS\System32\RPCRT4.dll
0x00007fffea6b0000 - 0x00007fffea6b8000 	C:\WINDOWS\System32\PSAPI.DLL
0x00007fffdb590000 - 0x00007fffdb599000 	C:\WINDOWS\SYSTEM32\WSOCK32.dll
0x00007fffd9690000 - 0x00007fffd96b7000 	C:\WINDOWS\SYSTEM32\WINMM.dll
0x00007fffea630000 - 0x00007fffea69b000 	C:\WINDOWS\System32\WS2_32.dll
0x00007fffe0a40000 - 0x00007fffe0a4a000 	C:\WINDOWS\SYSTEM32\VERSION.dll
0x00007fffe7040000 - 0x00007fffe7052000 	C:\WINDOWS\SYSTEM32\kernel.appcore.dll
0x00007fffe0370000 - 0x00007fffe0380000 	C:\Program Files\AdoptOpenJDK\jdk-11.0.9.11-hotspot\bin\verify.dll
0x00007fffe6d50000 - 0x00007fffe6f34000 	C:\WINDOWS\SYSTEM32\DBGHELP.DLL
0x00007fffdfb90000 - 0x00007fffdfbbc000 	C:\WINDOWS\SYSTEM32\dbgcore.DLL
0x00007fffe89f0000 - 0x00007fffe8a72000 	C:\WINDOWS\System32\bcryptPrimitives.dll
0x00007fffabf90000 - 0x00007fffabfb8000 	C:\Program Files\AdoptOpenJDK\jdk-11.0.9.11-hotspot\bin\java.dll
0x00007fffde910000 - 0x00007fffde91a000 	C:\Program Files\AdoptOpenJDK\jdk-11.0.9.11-hotspot\bin\jimage.dll
0x00007fffb83a0000 - 0x00007fffb83b7000 	C:\Program Files\AdoptOpenJDK\jdk-11.0.9.11-hotspot\bin\zip.dll

dbghelp: loaded successfully - version: 4.0.5 - missing functions: none
symbol engine: initialized successfully - sym options: 0x614 - pdb path: .;C:\Program Files\AdoptOpenJDK\jdk-11.0.9.11-hotspot\bin;C:\WINDOWS\SYSTEM32;C:\Program Files\AVAST Software\Avast;C:\WINDOWS\WinSxS\amd64_microsoft.windows.common-controls_6595b64144ccf1df_6.0.19041.1110_none_60b5254171f9507e;C:\Program Files\AdoptOpenJDK\jdk-11.0.9.11-hotspot\bin\server

VM Arguments:
jvm_args: --module-path=javafx-sdk-11.0.2\lib --add-modules=javafx.controls,javafx.fxml,javafx.swing 
java_command: pacman_307842435_205914385_205913999.jar
java_class_path (initial): pacman_307842435_205914385_205913999.jar
Launcher Type: SUN_STANDARD

[Global flags]
     intx CICompilerCount                          = 3                                         {product} {ergonomic}
     uint ConcGCThreads                            = 1                                         {product} {ergonomic}
     uint G1ConcRefinementThreads                  = 4                                         {product} {ergonomic}
   size_t G1HeapRegionSize                         = 1048576                                   {product} {ergonomic}
    uintx GCDrainStackTargetSize                   = 64                                        {product} {ergonomic}
   size_t InitialHeapSize                          = 132120576                                 {product} {ergonomic}
   size_t MarkStackSize                            = 4194304                                   {product} {ergonomic}
   size_t MaxHeapSize                              = 2113929216                                {product} {ergonomic}
   size_t MinHeapDeltaBytes                        = 1048576                                   {product} {ergonomic}
    uintx NonNMethodCodeHeapSize                   = 5830732                                {pd product} {ergonomic}
    uintx NonProfiledCodeHeapSize                  = 122913754                              {pd product} {ergonomic}
    uintx ProfiledCodeHeapSize                     = 122913754                              {pd product} {ergonomic}
    uintx ReservedCodeCacheSize                    = 251658240                              {pd product} {ergonomic}
     bool SegmentedCodeCache                       = true                                      {product} {ergonomic}
     bool UseCompressedClassPointers               = true                                 {lp64_product} {ergonomic}
     bool UseCompressedOops                        = true                                 {lp64_product} {ergonomic}
     bool UseG1GC                                  = true                                      {product} {ergonomic}
     bool UseLargePagesIndividualAllocation        = false                                  {pd product} {ergonomic}

Logging:
Log output configuration:
 #0: stdout all=warning uptime,level,tags
 #1: stderr all=off uptime,level,tags

Environment Variables:
JAVA_HOME=C:\Program Files\AdoptOpenJDK\jdk-11.0.9.11-hotspot
PATH=C:\Program Files\AdoptOpenJDK\jdk-11.0.9.11-hotspot\bin;C:\Program Files\AdoptOpenJDK\jre-8.0.275.1-hotspot\bin;C:\Program Files\Microsoft MPI\Bin\;C:\Python27\;C:\Python27\Scripts;C:\Program Files (x86)\Common Files\Oracle\Java\javapath;C:\WINDOWS\system32;C:\WINDOWS;C:\WINDOWS\System32\Wbem;C:\WINDOWS\System32\WindowsPowerShell\v1.0\;C:\WINDOWS\System32\OpenSSH\;C:\Program Files (x86)\Intel\Intel(R) Management Engine Components\DAL;C:\Program Files\Intel\Intel(R) Management Engine Components\DAL;C:\sqlite;C:\Program Files\Intel\WiFi\bin\;C:\Program Files\Common Files\Intel\WirelessCommon\;C:\Program Files\nodejs\;C:\ProgramData\chocolatey\bin;C:\Program Files\Microsoft SQL Server\Client SDK\ODBC\170\Tools\Binn\;C:\Program Files (x86)\Microsoft SQL Server\150\Tools\Binn\;C:\Program Files\Microsoft SQL Server\150\Tools\Binn\;C:\Program Files\Microsoft SQL Server\150\DTS\Binn\;C:\Program Files (x86)\Microsoft SQL Server\150\DTS\Binn\;C:\Program Files\Microsoft SQL Server\130\Tools\Binn\;C:\Program Files\dotnet\;C:\Program Files\Git\cmd;C:\Program Files\apache-maven-3.x.y\bin;C:\Program Files\MySQL\MySQL Shell 8.0\bin\;C:\Program Files\AdoptOpenJDK\jdk-11.0.9.11-hotspot\bin;C:\Users\Meshi\Downloads\jdk-14.0.1\bin;C:\Users\Meshi\AppData\Roaming\npm;C:\Users\Meshi\AppData\Local\Programs\Microsoft VS Code\bin;C:\Program Files (x86)\Common Files\Oracle\Java\javapath;C:\Users\Meshi\AppData\Local\Microsoft\WindowsApps;C:\Users\Meshi\.dotnet\tools;c:\program files\apache-maven-3.x.y\bin;C:\Users\Meshi\AppData\Local\GitHubDesktop\bin
USERNAME=Meshi
OS=Windows_NT
PROCESSOR_IDENTIFIER=Intel64 Family 6 Model 142 Stepping 9, GenuineIntel



---------------  S Y S T E M  ---------------

OS: Windows 10 , 64 bit Build 19041 (10.0.19041.1348)
OS uptime: 4 days 16:40 hours

CPU:total 4 (initial active 4) (2 cores per cpu, 2 threads per core) family 6 model 142 stepping 9, cmov, cx8, fxsr, mmx, sse, sse2, sse3, ssse3, sse4.1, sse4.2, popcnt, avx, avx2, aes, clmul, erms, 3dnowpref, lzcnt, ht, tsc, tscinvbit, bmi1, bmi2, adx, fma

Memory: 4k page, system-wide physical 8057M (627M free)
TotalPageFile size 26006M (AvailPageFile size 59M)
current process WorkingSet (physical memory assigned to process): 10M, peak: 10M
current process commit charge ("private bytes"): 51M, peak: 177M

vm_info: OpenJDK 64-Bit Server VM (11.0.9+11) for windows-amd64 JRE (11.0.9+11), built on Oct 23 2020 01:38:41 by "" with MS VC++ 15.9 (VS2017)

END.
